/home/daoheng/anaconda3/lib/python3.9/site-packages/scipy/__init__.py:146: UserWarning: A NumPy version >=1.16.5 and <1.23.0 is required for this version of SciPy (detected version 1.24.3
  warnings.warn(f"A NumPy version >={np_minversion} and <{np_maxversion}"
0.10874906186625444
Sx, Sz shapes: (24, 48) (24, 48)
[Sx,Sz] =  0.0
Sx, Sz shapes: (21, 48) (21, 48)
[Sx,Sz] =  0.0
X weight:  [ 8  8  8 10 10 10]
Z weight:  [ 8  8  8 10 10 10]
lx, lz shapes: (6, 48) (6, 48)
[lx,lz] =  [[1 0 0 0 0 0]
 [0 1 0 0 0 0]
 [0 0 1 0 0 0]
 [0 0 0 1 0 0]
 [0 0 0 0 1 0]
 [0 0 0 0 0 1]]
[Sx,Sz] =  0.0
[Sz,lx] =  0.0
[Sx,lz] =  0.0
X weight:  [10 10 10  8  8  8]
Z weight:  [ 8  8  8 10 10 10]
L= 14
/home/daoheng/anaconda3/lib/python3.9/site-packages/scipy/__init__.py:146: UserWarning: A NumPy version >=1.16.5 and <1.23.0 is required for this version of SciPy (detected version 1.24.3
  warnings.warn(f"A NumPy version >={np_minversion} and <{np_maxversion}"
/home/daoheng/anaconda3/lib/python3.9/site-packages/scipy/__init__.py:146: UserWarning: A NumPy version >=1.16.5 and <1.23.0 is required for this version of SciPy (detected version 1.24.3
  warnings.warn(f"A NumPy version >={np_minversion} and <{np_maxversion}"
/home/daoheng/anaconda3/lib/python3.9/site-packages/scipy/__init__.py:146: UserWarning: A NumPy version >=1.16.5 and <1.23.0 is required for this version of SciPy (detected version 1.24.3
  warnings.warn(f"A NumPy version >={np_minversion} and <{np_maxversion}"
/home/daoheng/anaconda3/lib/python3.9/site-packages/scipy/__init__.py:146: UserWarning: A NumPy version >=1.16.5 and <1.23.0 is required for this version of SciPy (detected version 1.24.3
  warnings.warn(f"A NumPy version >={np_minversion} and <{np_maxversion}"
/home/daoheng/anaconda3/lib/python3.9/site-packages/scipy/__init__.py:146: UserWarning: A NumPy version >=1.16.5 and <1.23.0 is required for this version of SciPy (detected version 1.24.3
  warnings.warn(f"A NumPy version >={np_minversion} and <{np_maxversion}"
/home/daoheng/anaconda3/lib/python3.9/site-packages/scipy/__init__.py:146: UserWarning: A NumPy version >=1.16.5 and <1.23.0 is required for this version of SciPy (detected version 1.24.3
  warnings.warn(f"A NumPy version >={np_minversion} and <{np_maxversion}"
/home/daoheng/anaconda3/lib/python3.9/site-packages/scipy/__init__.py:146: UserWarning: A NumPy version >=1.16.5 and <1.23.0 is required for this version of SciPy (detected version 1.24.3
  warnings.warn(f"A NumPy version >={np_minversion} and <{np_maxversion}"
/home/daoheng/anaconda3/lib/python3.9/site-packages/scipy/__init__.py:146: UserWarning: A NumPy version >=1.16.5 and <1.23.0 is required for this version of SciPy (detected version 1.24.3
  warnings.warn(f"A NumPy version >={np_minversion} and <{np_maxversion}"
/home/daoheng/anaconda3/lib/python3.9/site-packages/scipy/__init__.py:146: UserWarning: A NumPy version >=1.16.5 and <1.23.0 is required for this version of SciPy (detected version 1.24.3
  warnings.warn(f"A NumPy version >={np_minversion} and <{np_maxversion}"
/home/daoheng/anaconda3/lib/python3.9/site-packages/scipy/__init__.py:146: UserWarning: A NumPy version >=1.16.5 and <1.23.0 is required for this version of SciPy (detected version 1.24.3
  warnings.warn(f"A NumPy version >={np_minversion} and <{np_maxversion}"
/home/daoheng/anaconda3/lib/python3.9/site-packages/scipy/__init__.py:146: UserWarning: A NumPy version >=1.16.5 and <1.23.0 is required for this version of SciPy (detected version 1.24.3
  warnings.warn(f"A NumPy version >={np_minversion} and <{np_maxversion}"
/home/daoheng/anaconda3/lib/python3.9/site-packages/scipy/__init__.py:146: UserWarning: A NumPy version >=1.16.5 and <1.23.0 is required for this version of SciPy (detected version 1.24.3
  warnings.warn(f"A NumPy version >={np_minversion} and <{np_maxversion}"
/home/daoheng/anaconda3/lib/python3.9/site-packages/scipy/__init__.py:146: UserWarning: A NumPy version >=1.16.5 and <1.23.0 is required for this version of SciPy (detected version 1.24.3
  warnings.warn(f"A NumPy version >={np_minversion} and <{np_maxversion}"
/home/daoheng/anaconda3/lib/python3.9/site-packages/scipy/__init__.py:146: UserWarning: A NumPy version >=1.16.5 and <1.23.0 is required for this version of SciPy (detected version 1.24.3
  warnings.warn(f"A NumPy version >={np_minversion} and <{np_maxversion}"
/home/daoheng/anaconda3/lib/python3.9/site-packages/scipy/__init__.py:146: UserWarning: A NumPy version >=1.16.5 and <1.23.0 is required for this version of SciPy (detected version 1.24.3
  warnings.warn(f"A NumPy version >={np_minversion} and <{np_maxversion}"
/home/daoheng/anaconda3/lib/python3.9/site-packages/scipy/__init__.py:146: UserWarning: A NumPy version >=1.16.5 and <1.23.0 is required for this version of SciPy (detected version 1.24.3
  warnings.warn(f"A NumPy version >={np_minversion} and <{np_maxversion}"
/home/daoheng/anaconda3/lib/python3.9/site-packages/scipy/__init__.py:146: UserWarning: A NumPy version >=1.16.5 and <1.23.0 is required for this version of SciPy (detected version 1.24.3
  warnings.warn(f"A NumPy version >={np_minversion} and <{np_maxversion}"
/home/daoheng/anaconda3/lib/python3.9/site-packages/scipy/__init__.py:146: UserWarning: A NumPy version >=1.16.5 and <1.23.0 is required for this version of SciPy (detected version 1.24.3
  warnings.warn(f"A NumPy version >={np_minversion} and <{np_maxversion}"
/home/daoheng/anaconda3/lib/python3.9/site-packages/scipy/__init__.py:146: UserWarning: A NumPy version >=1.16.5 and <1.23.0 is required for this version of SciPy (detected version 1.24.3
  warnings.warn(f"A NumPy version >={np_minversion} and <{np_maxversion}"
/home/daoheng/anaconda3/lib/python3.9/site-packages/scipy/__init__.py:146: UserWarning: A NumPy version >=1.16.5 and <1.23.0 is required for this version of SciPy (detected version 1.24.3
  warnings.warn(f"A NumPy version >={np_minversion} and <{np_maxversion}"
[[1.    0.999 1.    0.999 1.    1.   ]]
finished p_r= 0.05, L = 14, r=6 in 1544.8 secs
[[1.    0.999 1.    1.    0.999 1.   ]]
finished p_r= 0.05, L = 14, r=0 in 1548.1 secs
[[0.999 0.999 0.997 0.999 0.999 0.999]]
finished p_r= 0.05, L = 14, r=7 in 1554.6 secs
[[0.997998 1.       0.997    0.997    0.995    0.995996]]
finished p_r= 0.05, L = 14, r=2 in 1557.5 secs
[[0.996997 0.996997 0.995996 0.996    0.996    0.997998]]
finished p_r= 0.05, L = 14, r=11 in 1562.4 secs
[[0.996    0.998    0.997998 0.997    0.996997 0.996   ]]
finished p_r= 0.05, L = 14, r=8 in 1566.0 secs
[[0.999    1.       0.999    0.999    0.999    0.998999]]
finished p_r= 0.05, L = 14, r=3 in 1570.0 secs
[[0.998    0.996997 0.996997 0.998    0.998999 0.996   ]]
finished p_r= 0.05, L = 14, r=5 in 1571.8 secs
[[0.995    0.996997 0.995996 0.995    0.997998 0.995996]]
finished p_r= 0.05, L = 14, r=16 in 1578.5 secs
[[0.997    0.998    0.995    1.       0.995996 0.996   ]]
finished p_r= 0.05, L = 14, r=18 in 1579.6 secs
[[1.    1.    0.998 1.    0.999 0.998]]
finished p_r= 0.05, L = 14, r=19 in 1593.4 secs
L= 16
/home/daoheng/anaconda3/lib/python3.9/site-packages/scipy/__init__.py:146: UserWarning: A NumPy version >=1.16.5 and <1.23.0 is required for this version of SciPy (detected version 1.24.3
  warnings.warn(f"A NumPy version >={np_minversion} and <{np_maxversion}"
/home/daoheng/anaconda3/lib/python3.9/site-packages/scipy/__init__.py:146: UserWarning: A NumPy version >=1.16.5 and <1.23.0 is required for this version of SciPy (detected version 1.24.3
  warnings.warn(f"A NumPy version >={np_minversion} and <{np_maxversion}"
/home/daoheng/anaconda3/lib/python3.9/site-packages/scipy/__init__.py:146: UserWarning: A NumPy version >=1.16.5 and <1.23.0 is required for this version of SciPy (detected version 1.24.3
  warnings.warn(f"A NumPy version >={np_minversion} and <{np_maxversion}"
/home/daoheng/anaconda3/lib/python3.9/site-packages/scipy/__init__.py:146: UserWarning: A NumPy version >=1.16.5 and <1.23.0 is required for this version of SciPy (detected version 1.24.3
  warnings.warn(f"A NumPy version >={np_minversion} and <{np_maxversion}"
/home/daoheng/anaconda3/lib/python3.9/site-packages/scipy/__init__.py:146: UserWarning: A NumPy version >=1.16.5 and <1.23.0 is required for this version of SciPy (detected version 1.24.3
  warnings.warn(f"A NumPy version >={np_minversion} and <{np_maxversion}"
/home/daoheng/anaconda3/lib/python3.9/site-packages/scipy/__init__.py:146: UserWarning: A NumPy version >=1.16.5 and <1.23.0 is required for this version of SciPy (detected version 1.24.3
  warnings.warn(f"A NumPy version >={np_minversion} and <{np_maxversion}"
/home/daoheng/anaconda3/lib/python3.9/site-packages/scipy/__init__.py:146: UserWarning: A NumPy version >=1.16.5 and <1.23.0 is required for this version of SciPy (detected version 1.24.3
  warnings.warn(f"A NumPy version >={np_minversion} and <{np_maxversion}"
/home/daoheng/anaconda3/lib/python3.9/site-packages/scipy/__init__.py:146: UserWarning: A NumPy version >=1.16.5 and <1.23.0 is required for this version of SciPy (detected version 1.24.3
  warnings.warn(f"A NumPy version >={np_minversion} and <{np_maxversion}"
/home/daoheng/anaconda3/lib/python3.9/site-packages/scipy/__init__.py:146: UserWarning: A NumPy version >=1.16.5 and <1.23.0 is required for this version of SciPy (detected version 1.24.3
  warnings.warn(f"A NumPy version >={np_minversion} and <{np_maxversion}"
/home/daoheng/anaconda3/lib/python3.9/site-packages/scipy/__init__.py:146: UserWarning: A NumPy version >=1.16.5 and <1.23.0 is required for this version of SciPy (detected version 1.24.3
  warnings.warn(f"A NumPy version >={np_minversion} and <{np_maxversion}"
/home/daoheng/anaconda3/lib/python3.9/site-packages/scipy/__init__.py:146: UserWarning: A NumPy version >=1.16.5 and <1.23.0 is required for this version of SciPy (detected version 1.24.3
  warnings.warn(f"A NumPy version >={np_minversion} and <{np_maxversion}"
[[1.    0.998 1.    0.998 1.    0.999]]
finished p_r= 0.05, L = 16, r=10 in 2256.7 secs
[[0.999    0.998999 0.998999 0.998    0.998999 0.997   ]]
finished p_r= 0.05, L = 14, r=9 in 1810.1 secs
[[0.999 1.    0.997 0.998 0.999 0.998]]
finished p_r= 0.05, L = 16, r=1 in 2267.0 secs
[[0.998    0.998    1.       0.998    0.998998 1.      ]]
finished p_r= 0.05, L = 16, r=12 in 2273.8 secs
[[1.    1.    1.    1.    1.    0.999]]
finished p_r= 0.05, L = 14, r=15 in 1896.8 secs
[[0.997 0.999 0.998 0.999 1.    0.999]]
finished p_r= 0.05, L = 16, r=2 in 2275.9 secs
[[0.996997 0.998    0.996997 0.995996 0.998    0.998   ]]
finished p_r= 0.05, L = 14, r=10 in 1906.7 secs
[[0.999    0.998    0.997998 1.       1.       0.999   ]]
finished p_r= 0.05, L = 16, r=7 in 2283.4 secs
[[0.998 0.998 0.999 0.998 0.999 0.999]]
finished p_r= 0.05, L = 14, r=13 in 1901.4 secs
[[0.998 0.998 0.999 0.996 0.996 0.997]]
finished p_r= 0.05, L = 16, r=3 in 2284.2 secs
[[0.998 0.998 0.999 0.997 0.997 0.998]]
finished p_r= 0.05, L = 16, r=13 in 2294.4 secs
[[0.999    0.998999 0.999    0.997998 1.       0.997   ]]
finished p_r= 0.05, L = 14, r=1 in 1914.0 secs
[[0.999    0.998999 0.997998 0.999    0.999    0.998   ]]
finished p_r= 0.05, L = 16, r=8 in 2316.1 secs
[[0.999 0.999 0.998 1.    1.    0.999]]
finished p_r= 0.05, L = 16, r=15 in 2404.5 secs
L= 18
/home/daoheng/anaconda3/lib/python3.9/site-packages/scipy/__init__.py:146: UserWarning: A NumPy version >=1.16.5 and <1.23.0 is required for this version of SciPy (detected version 1.24.3
  warnings.warn(f"A NumPy version >={np_minversion} and <{np_maxversion}"
/home/daoheng/anaconda3/lib/python3.9/site-packages/scipy/__init__.py:146: UserWarning: A NumPy version >=1.16.5 and <1.23.0 is required for this version of SciPy (detected version 1.24.3
  warnings.warn(f"A NumPy version >={np_minversion} and <{np_maxversion}"
/home/daoheng/anaconda3/lib/python3.9/site-packages/scipy/__init__.py:146: UserWarning: A NumPy version >=1.16.5 and <1.23.0 is required for this version of SciPy (detected version 1.24.3
  warnings.warn(f"A NumPy version >={np_minversion} and <{np_maxversion}"
/home/daoheng/anaconda3/lib/python3.9/site-packages/scipy/__init__.py:146: UserWarning: A NumPy version >=1.16.5 and <1.23.0 is required for this version of SciPy (detected version 1.24.3
  warnings.warn(f"A NumPy version >={np_minversion} and <{np_maxversion}"
/home/daoheng/anaconda3/lib/python3.9/site-packages/scipy/__init__.py:146: UserWarning: A NumPy version >=1.16.5 and <1.23.0 is required for this version of SciPy (detected version 1.24.3
  warnings.warn(f"A NumPy version >={np_minversion} and <{np_maxversion}"
/home/daoheng/anaconda3/lib/python3.9/site-packages/scipy/__init__.py:146: UserWarning: A NumPy version >=1.16.5 and <1.23.0 is required for this version of SciPy (detected version 1.24.3
  warnings.warn(f"A NumPy version >={np_minversion} and <{np_maxversion}"
/home/daoheng/anaconda3/lib/python3.9/site-packages/scipy/__init__.py:146: UserWarning: A NumPy version >=1.16.5 and <1.23.0 is required for this version of SciPy (detected version 1.24.3
  warnings.warn(f"A NumPy version >={np_minversion} and <{np_maxversion}"
/home/daoheng/anaconda3/lib/python3.9/site-packages/scipy/__init__.py:146: UserWarning: A NumPy version >=1.16.5 and <1.23.0 is required for this version of SciPy (detected version 1.24.3
  warnings.warn(f"A NumPy version >={np_minversion} and <{np_maxversion}"
/home/daoheng/anaconda3/lib/python3.9/site-packages/scipy/__init__.py:146: UserWarning: A NumPy version >=1.16.5 and <1.23.0 is required for this version of SciPy (detected version 1.24.3
  warnings.warn(f"A NumPy version >={np_minversion} and <{np_maxversion}"
[[1.    0.999 0.999 0.999 0.999 1.   ]]
finished p_r= 0.05, L = 18, r=12 in 3102.2 secs
[[0.996997 0.998    0.995    0.996    0.998    0.995996]]
finished p_r= 0.05, L = 16, r=19 in 2726.6 secs
[[0.996 0.994 0.996 0.993 0.994 0.997]]
finished p_r= 0.05, L = 18, r=7 in 3115.1 secs
[[0.998 0.999 0.998 0.999 0.999 0.997]]
finished p_r= 0.05, L = 16, r=18 in 2760.5 secs
[[0.998 0.998 0.999 0.999 0.999 0.999]]
finished p_r= 0.05, L = 18, r=10 in 3118.4 secs
[[0.998999 0.995996 0.994    0.997998 0.994    0.994   ]]
finished p_r= 0.05, L = 18, r=13 in 3125.2 secs
[[0.998 0.997 0.998 0.996 0.997 0.998]]
finished p_r= 0.05, L = 16, r=14 in 2755.6 secs
[[0.998 0.999 0.999 1.    1.    0.999]]
finished p_r= 0.05, L = 18, r=9 in 3127.7 secs
[[1.    1.    1.    1.    1.    0.998]]
finished p_r= 0.05, L = 16, r=11 in 2579.6 secs
[[0.999 0.998 0.997 0.998 0.999 0.997]]
finished p_r= 0.05, L = 18, r=4 in 3143.1 secs
[[0.999 0.997 0.998 0.998 0.999 0.999]]
finished p_r= 0.05, L = 16, r=9 in 2735.5 secs
[[0.996997 0.998    0.996    0.997    1.       0.996   ]]
finished p_r= 0.05, L = 18, r=8 in 3157.2 secs
[[0.997998 0.996    1.       0.999    0.997    0.998999]]
finished p_r= 0.05, L = 18, r=14 in 3162.6 secs
[[0.998    0.998    0.999    0.996997 0.999    0.999   ]]
finished p_r= 0.05, L = 16, r=17 in 2620.0 secs
[[0.999 0.998 0.998 0.999 0.998 0.996]]
finished p_r= 0.05, L = 18, r=6 in 3169.0 secs
[[0.997 0.998 0.996 0.998 0.998 0.998]]
finished p_r= 0.05, L = 16, r=16 in 2574.2 secs
[[0.998 1.    0.999 0.999 1.    0.997]]
finished p_r= 0.05, L = 18, r=3 in 3178.6 secs
[[0.996 0.998 0.995 0.997 0.997 0.995]]
finished p_r= 0.05, L = 18, r=17 in 3280.1 secs
[[1.    1.    0.999 1.    1.    0.999]]
finished p_r= 0.05, L = 18, r=15 in 3401.6 secs
L= 20
/home/daoheng/anaconda3/lib/python3.9/site-packages/scipy/__init__.py:146: UserWarning: A NumPy version >=1.16.5 and <1.23.0 is required for this version of SciPy (detected version 1.24.3
  warnings.warn(f"A NumPy version >={np_minversion} and <{np_maxversion}"
/home/daoheng/anaconda3/lib/python3.9/site-packages/scipy/__init__.py:146: UserWarning: A NumPy version >=1.16.5 and <1.23.0 is required for this version of SciPy (detected version 1.24.3
  warnings.warn(f"A NumPy version >={np_minversion} and <{np_maxversion}"
/home/daoheng/anaconda3/lib/python3.9/site-packages/scipy/__init__.py:146: UserWarning: A NumPy version >=1.16.5 and <1.23.0 is required for this version of SciPy (detected version 1.24.3
  warnings.warn(f"A NumPy version >={np_minversion} and <{np_maxversion}"
/home/daoheng/anaconda3/lib/python3.9/site-packages/scipy/__init__.py:146: UserWarning: A NumPy version >=1.16.5 and <1.23.0 is required for this version of SciPy (detected version 1.24.3
  warnings.warn(f"A NumPy version >={np_minversion} and <{np_maxversion}"
/home/daoheng/anaconda3/lib/python3.9/site-packages/scipy/__init__.py:146: UserWarning: A NumPy version >=1.16.5 and <1.23.0 is required for this version of SciPy (detected version 1.24.3
  warnings.warn(f"A NumPy version >={np_minversion} and <{np_maxversion}"
/home/daoheng/anaconda3/lib/python3.9/site-packages/scipy/__init__.py:146: UserWarning: A NumPy version >=1.16.5 and <1.23.0 is required for this version of SciPy (detected version 1.24.3
  warnings.warn(f"A NumPy version >={np_minversion} and <{np_maxversion}"
/home/daoheng/anaconda3/lib/python3.9/site-packages/scipy/__init__.py:146: UserWarning: A NumPy version >=1.16.5 and <1.23.0 is required for this version of SciPy (detected version 1.24.3
  warnings.warn(f"A NumPy version >={np_minversion} and <{np_maxversion}"
/home/daoheng/anaconda3/lib/python3.9/site-packages/scipy/__init__.py:146: UserWarning: A NumPy version >=1.16.5 and <1.23.0 is required for this version of SciPy (detected version 1.24.3
  warnings.warn(f"A NumPy version >={np_minversion} and <{np_maxversion}"
/home/daoheng/anaconda3/lib/python3.9/site-packages/scipy/__init__.py:146: UserWarning: A NumPy version >=1.16.5 and <1.23.0 is required for this version of SciPy (detected version 1.24.3
  warnings.warn(f"A NumPy version >={np_minversion} and <{np_maxversion}"
/home/daoheng/anaconda3/lib/python3.9/site-packages/scipy/__init__.py:146: UserWarning: A NumPy version >=1.16.5 and <1.23.0 is required for this version of SciPy (detected version 1.24.3
  warnings.warn(f"A NumPy version >={np_minversion} and <{np_maxversion}"
/home/daoheng/anaconda3/lib/python3.9/site-packages/scipy/__init__.py:146: UserWarning: A NumPy version >=1.16.5 and <1.23.0 is required for this version of SciPy (detected version 1.24.3
  warnings.warn(f"A NumPy version >={np_minversion} and <{np_maxversion}"
/home/daoheng/anaconda3/lib/python3.9/site-packages/scipy/__init__.py:146: UserWarning: A NumPy version >=1.16.5 and <1.23.0 is required for this version of SciPy (detected version 1.24.3
  warnings.warn(f"A NumPy version >={np_minversion} and <{np_maxversion}"
[[1.    0.999 1.    1.    0.999 0.999]]
finished p_r= 0.05, L = 18, r=18 in 3759.0 secs
[[0.999    0.999    0.998999 1.       0.997    0.998999]]
finished p_r= 0.05, L = 20, r=3 in 4140.5 secs
[[1.    0.999 0.999 0.999 1.    0.999]]
finished p_r= 0.05, L = 20, r=11 in 4149.2 secs
[[0.998 0.997 0.998 0.998 0.998 1.   ]]
finished p_r= 0.05, L = 20, r=13 in 4149.7 secs
[[0.996 0.999 0.997 0.998 1.    0.998]]
finished p_r= 0.05, L = 20, r=17 in 4150.3 secs
[[0.995996 0.998    0.997    0.998    0.996    0.996997]]
finished p_r= 0.05, L = 20, r=10 in 4177.6 secs
[[0.997 0.996 0.996 0.999 0.997 0.996]]
finished p_r= 0.05, L = 20, r=18 in 4179.6 secs
[[0.998      0.995996   0.996      0.99499499 0.997      0.997     ]]
finished p_r= 0.05, L = 20, r=16 in 4196.2 secs
[[0.999 0.996 0.999 0.996 0.999 0.997]]
finished p_r= 0.05, L = 18, r=16 in 3646.0 secs
[[0.998 0.999 1.    0.998 0.998 0.998]]
finished p_r= 0.05, L = 20, r=0 in 4231.2 secs
[[0.997 0.997 0.996 0.998 0.996 0.998]]
finished p_r= 0.05, L = 14, r=12 in 1659.7 secs
[[0.998999 0.996997 0.999    0.997    1.       0.999   ]]
finished p_r= 0.05, L = 16, r=0 in 2570.7 secs
[[0.998 0.998 0.995 0.998 0.998 0.998]]
finished p_r= 0.05, L = 18, r=2 in 3792.9 secs
[[0.998    0.998999 0.998    0.998999 0.999    0.998   ]]
finished p_r= 0.05, L = 20, r=6 in 4238.5 secs
[[0.998 0.998 0.997 0.998 0.999 1.   ]]
finished p_r= 0.05, L = 14, r=4 in 1904.6 secs
[[0.996997 0.994    0.996997 0.996    0.995    1.      ]]
finished p_r= 0.05, L = 16, r=6 in 2486.9 secs
[[0.998 0.998 0.998 0.998 0.996 1.   ]]
finished p_r= 0.05, L = 18, r=0 in 3684.8 secs
[[0.996      0.99499499 0.996      0.99499499 1.         0.995     ]]
finished p_r= 0.05, L = 20, r=2 in 4253.2 secs
[[0.996      0.998      0.99499499 0.999      0.996      0.997998  ]]
finished p_r= 0.05, L = 18, r=11 in 3790.0 secs
[[0.999 1.    1.    1.    1.    1.   ]]
finished p_r= 0.05, L = 20, r=5 in 4256.5 secs
[[0.997 0.999 0.999 0.999 0.998 1.   ]]
finished p_r= 0.05, L = 14, r=17 in 1901.5 secs
[[0.997    0.995996 0.995    0.998    0.999    0.998   ]]
finished p_r= 0.05, L = 16, r=4 in 2499.5 secs
[[0.997    0.993    0.993    0.996    0.995    0.995996]]
finished p_r= 0.05, L = 18, r=1 in 3804.3 secs
[[0.997 0.999 0.998 0.998 0.999 0.999]]
finished p_r= 0.05, L = 20, r=7 in 4263.4 secs
[[0.996 0.995 0.995 0.996 0.992 0.997]]
finished p_r= 0.05, L = 20, r=8 in 4995.9 secs
[[0.997 0.999 0.997 0.998 0.999 0.997]]
finished p_r= 0.05, L = 20, r=15 in 4997.7 secs
[[0.999    0.999    0.996997 0.999    0.998    0.996997]]
finished p_r= 0.05, L = 20, r=14 in 4999.1 secs
[[0.997998 0.998    0.999    0.998    0.999    0.997   ]]
finished p_r= 0.05, L = 20, r=12 in 4999.6 secs
[[0.998 0.998 0.998 0.999 1.    0.999]]
finished p_r= 0.05, L = 20, r=9 in 5011.0 secs
[[0.997998 0.999    0.998    0.998    0.997    0.999   ]]
finished p_r= 0.05, L = 18, r=19 in 3680.8 secs
[[0.998999 0.997998 0.997998 0.998999 0.996997 0.998998]]
finished p_r= 0.05, L = 20, r=1 in 5020.7 secs
[[0.999    0.996997 0.999    1.       0.997998 0.998   ]]
finished p_r= 0.05, L = 20, r=19 in 5021.0 secs
[[0.998 1.    0.998 0.997 0.998 1.   ]]
finished p_r= 0.05, L = 14, r=14 in 1902.2 secs
[[0.998 0.998 0.996 0.998 0.997 0.996]]
finished p_r= 0.05, L = 16, r=5 in 2586.3 secs
[[0.998999 0.997998 0.998999 0.997998 0.999    0.997998]]
finished p_r= 0.05, L = 18, r=5 in 3770.7 secs
[[1.    0.999 0.999 0.999 0.999 1.   ]]
finished p_r= 0.05, L = 20, r=4 in 5023.3 secs
/home/daoheng/anaconda3/lib/python3.9/site-packages/scipy/__init__.py:146: UserWarning: A NumPy version >=1.16.5 and <1.23.0 is required for this version of SciPy (detected version 1.24.3
  warnings.warn(f"A NumPy version >={np_minversion} and <{np_maxversion}"
0.10874906186625444
Sx, Sz shapes: (24, 48) (24, 48)
[Sx,Sz] =  0.0
Sx, Sz shapes: (21, 48) (21, 48)
[Sx,Sz] =  0.0
X weight:  [ 8  8  8 10 10 10]
Z weight:  [ 8  8  8 10 10 10]
lx, lz shapes: (6, 48) (6, 48)
[lx,lz] =  [[1 0 0 0 0 0]
 [0 1 0 0 0 0]
 [0 0 1 0 0 0]
 [0 0 0 1 0 0]
 [0 0 0 0 1 0]
 [0 0 0 0 0 1]]
[Sx,Sz] =  0.0
[Sz,lx] =  0.0
[Sx,lz] =  0.0
X weight:  [10 10 10  8  8  8]
Z weight:  [ 8  8  8 10 10 10]
L= 12
/home/daoheng/anaconda3/lib/python3.9/site-packages/scipy/__init__.py:146: UserWarning: A NumPy version >=1.16.5 and <1.23.0 is required for this version of SciPy (detected version 1.24.3
  warnings.warn(f"A NumPy version >={np_minversion} and <{np_maxversion}"
/home/daoheng/anaconda3/lib/python3.9/site-packages/scipy/__init__.py:146: UserWarning: A NumPy version >=1.16.5 and <1.23.0 is required for this version of SciPy (detected version 1.24.3
  warnings.warn(f"A NumPy version >={np_minversion} and <{np_maxversion}"
/home/daoheng/anaconda3/lib/python3.9/site-packages/scipy/__init__.py:146: UserWarning: A NumPy version >=1.16.5 and <1.23.0 is required for this version of SciPy (detected version 1.24.3
  warnings.warn(f"A NumPy version >={np_minversion} and <{np_maxversion}"
/home/daoheng/anaconda3/lib/python3.9/site-packages/scipy/__init__.py:146: UserWarning: A NumPy version >=1.16.5 and <1.23.0 is required for this version of SciPy (detected version 1.24.3
  warnings.warn(f"A NumPy version >={np_minversion} and <{np_maxversion}"
/home/daoheng/anaconda3/lib/python3.9/site-packages/scipy/__init__.py:146: UserWarning: A NumPy version >=1.16.5 and <1.23.0 is required for this version of SciPy (detected version 1.24.3
  warnings.warn(f"A NumPy version >={np_minversion} and <{np_maxversion}"
/home/daoheng/anaconda3/lib/python3.9/site-packages/scipy/__init__.py:146: UserWarning: A NumPy version >=1.16.5 and <1.23.0 is required for this version of SciPy (detected version 1.24.3
  warnings.warn(f"A NumPy version >={np_minversion} and <{np_maxversion}"
/home/daoheng/anaconda3/lib/python3.9/site-packages/scipy/__init__.py:146: UserWarning: A NumPy version >=1.16.5 and <1.23.0 is required for this version of SciPy (detected version 1.24.3
  warnings.warn(f"A NumPy version >={np_minversion} and <{np_maxversion}"
/home/daoheng/anaconda3/lib/python3.9/site-packages/scipy/__init__.py:146: UserWarning: A NumPy version >=1.16.5 and <1.23.0 is required for this version of SciPy (detected version 1.24.3
  warnings.warn(f"A NumPy version >={np_minversion} and <{np_maxversion}"
/home/daoheng/anaconda3/lib/python3.9/site-packages/scipy/__init__.py:146: UserWarning: A NumPy version >=1.16.5 and <1.23.0 is required for this version of SciPy (detected version 1.24.3
  warnings.warn(f"A NumPy version >={np_minversion} and <{np_maxversion}"
/home/daoheng/anaconda3/lib/python3.9/site-packages/scipy/__init__.py:146: UserWarning: A NumPy version >=1.16.5 and <1.23.0 is required for this version of SciPy (detected version 1.24.3
  warnings.warn(f"A NumPy version >={np_minversion} and <{np_maxversion}"
/home/daoheng/anaconda3/lib/python3.9/site-packages/scipy/__init__.py:146: UserWarning: A NumPy version >=1.16.5 and <1.23.0 is required for this version of SciPy (detected version 1.24.3
  warnings.warn(f"A NumPy version >={np_minversion} and <{np_maxversion}"
/home/daoheng/anaconda3/lib/python3.9/site-packages/scipy/__init__.py:146: UserWarning: A NumPy version >=1.16.5 and <1.23.0 is required for this version of SciPy (detected version 1.24.3
  warnings.warn(f"A NumPy version >={np_minversion} and <{np_maxversion}"
/home/daoheng/anaconda3/lib/python3.9/site-packages/scipy/__init__.py:146: UserWarning: A NumPy version >=1.16.5 and <1.23.0 is required for this version of SciPy (detected version 1.24.3
  warnings.warn(f"A NumPy version >={np_minversion} and <{np_maxversion}"
/home/daoheng/anaconda3/lib/python3.9/site-packages/scipy/__init__.py:146: UserWarning: A NumPy version >=1.16.5 and <1.23.0 is required for this version of SciPy (detected version 1.24.3
  warnings.warn(f"A NumPy version >={np_minversion} and <{np_maxversion}"
/home/daoheng/anaconda3/lib/python3.9/site-packages/scipy/__init__.py:146: UserWarning: A NumPy version >=1.16.5 and <1.23.0 is required for this version of SciPy (detected version 1.24.3
  warnings.warn(f"A NumPy version >={np_minversion} and <{np_maxversion}"
/home/daoheng/anaconda3/lib/python3.9/site-packages/scipy/__init__.py:146: UserWarning: A NumPy version >=1.16.5 and <1.23.0 is required for this version of SciPy (detected version 1.24.3
  warnings.warn(f"A NumPy version >={np_minversion} and <{np_maxversion}"
/home/daoheng/anaconda3/lib/python3.9/site-packages/scipy/__init__.py:146: UserWarning: A NumPy version >=1.16.5 and <1.23.0 is required for this version of SciPy (detected version 1.24.3
  warnings.warn(f"A NumPy version >={np_minversion} and <{np_maxversion}"
/home/daoheng/anaconda3/lib/python3.9/site-packages/scipy/__init__.py:146: UserWarning: A NumPy version >=1.16.5 and <1.23.0 is required for this version of SciPy (detected version 1.24.3
  warnings.warn(f"A NumPy version >={np_minversion} and <{np_maxversion}"
/home/daoheng/anaconda3/lib/python3.9/site-packages/scipy/__init__.py:146: UserWarning: A NumPy version >=1.16.5 and <1.23.0 is required for this version of SciPy (detected version 1.24.3
  warnings.warn(f"A NumPy version >={np_minversion} and <{np_maxversion}"
/home/daoheng/anaconda3/lib/python3.9/site-packages/scipy/__init__.py:146: UserWarning: A NumPy version >=1.16.5 and <1.23.0 is required for this version of SciPy (detected version 1.24.3
  warnings.warn(f"A NumPy version >={np_minversion} and <{np_maxversion}"
/home/daoheng/anaconda3/lib/python3.9/site-packages/scipy/__init__.py:146: UserWarning: A NumPy version >=1.16.5 and <1.23.0 is required for this version of SciPy (detected version 1.24.3
  warnings.warn(f"A NumPy version >={np_minversion} and <{np_maxversion}"
/home/daoheng/anaconda3/lib/python3.9/site-packages/scipy/__init__.py:146: UserWarning: A NumPy version >=1.16.5 and <1.23.0 is required for this version of SciPy (detected version 1.24.3
  warnings.warn(f"A NumPy version >={np_minversion} and <{np_maxversion}"
/home/daoheng/anaconda3/lib/python3.9/site-packages/scipy/__init__.py:146: UserWarning: A NumPy version >=1.16.5 and <1.23.0 is required for this version of SciPy (detected version 1.24.3
  warnings.warn(f"A NumPy version >={np_minversion} and <{np_maxversion}"
/home/daoheng/anaconda3/lib/python3.9/site-packages/scipy/__init__.py:146: UserWarning: A NumPy version >=1.16.5 and <1.23.0 is required for this version of SciPy (detected version 1.24.3
  warnings.warn(f"A NumPy version >={np_minversion} and <{np_maxversion}"
/home/daoheng/anaconda3/lib/python3.9/site-packages/scipy/__init__.py:146: UserWarning: A NumPy version >=1.16.5 and <1.23.0 is required for this version of SciPy (detected version 1.24.3
  warnings.warn(f"A NumPy version >={np_minversion} and <{np_maxversion}"
[[0.998 0.998 0.998 1.    1.    0.999]]
finished p_r= 0.05, L = 12, r=29 in 1550.9 secs
[[0.998 0.999 0.998 1.    0.999 0.997]]
finished p_r= 0.05, L = 12, r=27 in 1556.3 secs
[[0.995      0.994      0.996      0.997      0.99399399 1.        ]]
finished p_r= 0.05, L = 12, r=31 in 1556.4 secs
[[1.    0.999 0.999 1.    0.999 0.999]]
finished p_r= 0.05, L = 12, r=21 in 1556.7 secs
[[1.       0.998999 0.998998 0.999    0.998999 0.998999]]
finished p_r= 0.05, L = 12, r=37 in 1556.8 secs
[[0.999 0.999 1.    0.999 1.    0.998]]
finished p_r= 0.05, L = 12, r=22 in 1558.4 secs
[[1.    0.998 0.999 0.999 0.999 0.999]]
finished p_r= 0.05, L = 12, r=42 in 1561.7 secs
[[1.       1.       1.       1.       0.998999 1.      ]]
finished p_r= 0.05, L = 12, r=20 in 1564.7 secs
[[0.997 0.998 0.999 0.999 0.997 0.998]]
finished p_r= 0.05, L = 12, r=44 in 1566.3 secs
[[0.998    0.996997 0.995996 0.997998 0.997    0.998   ]]
finished p_r= 0.05, L = 12, r=41 in 1568.1 secs
[[0.999 0.998 0.999 0.999 0.998 0.999]]
finished p_r= 0.05, L = 12, r=35 in 1085.6 secs
[[0.994 0.998 0.995 0.997 0.999 0.999]]
finished p_r= 0.05, L = 12, r=46 in 1000.8 secs
[[1.    0.999 1.    1.    0.998 0.998]]
finished p_r= 0.05, L = 12, r=25 in 1086.6 secs
[[1.    0.999 0.998 0.999 0.998 0.999]]
finished p_r= 0.05, L = 12, r=47 in 1007.5 secs
[[0.99499499 0.996997   0.997998   0.995996   0.996      0.997998  ]]
finished p_r= 0.05, L = 12, r=39 in 1082.3 secs
[[0.998 1.    0.999 0.999 0.998 0.998]]
finished p_r= 0.05, L = 12, r=45 in 1014.8 secs
[[0.998999 1.       1.       0.999    0.998    0.998999]]
finished p_r= 0.05, L = 12, r=23 in 1092.6 secs
[[0.997 0.997 0.996 0.998 0.996 0.999]]
finished p_r= 0.05, L = 12, r=48 in 1025.3 secs
[[0.998 0.999 0.999 0.999 0.999 0.999]]
finished p_r= 0.05, L = 12, r=26 in 1098.5 secs
[[0.999 1.    0.998 1.    1.    0.999]]
finished p_r= 0.05, L = 12, r=49 in 1029.8 secs
L= 14
/home/daoheng/anaconda3/lib/python3.9/site-packages/scipy/__init__.py:146: UserWarning: A NumPy version >=1.16.5 and <1.23.0 is required for this version of SciPy (detected version 1.24.3
  warnings.warn(f"A NumPy version >={np_minversion} and <{np_maxversion}"
/home/daoheng/anaconda3/lib/python3.9/site-packages/scipy/__init__.py:146: UserWarning: A NumPy version >=1.16.5 and <1.23.0 is required for this version of SciPy (detected version 1.24.3
  warnings.warn(f"A NumPy version >={np_minversion} and <{np_maxversion}"
/home/daoheng/anaconda3/lib/python3.9/site-packages/scipy/__init__.py:146: UserWarning: A NumPy version >=1.16.5 and <1.23.0 is required for this version of SciPy (detected version 1.24.3
  warnings.warn(f"A NumPy version >={np_minversion} and <{np_maxversion}"
/home/daoheng/anaconda3/lib/python3.9/site-packages/scipy/__init__.py:146: UserWarning: A NumPy version >=1.16.5 and <1.23.0 is required for this version of SciPy (detected version 1.24.3
  warnings.warn(f"A NumPy version >={np_minversion} and <{np_maxversion}"
/home/daoheng/anaconda3/lib/python3.9/site-packages/scipy/__init__.py:146: UserWarning: A NumPy version >=1.16.5 and <1.23.0 is required for this version of SciPy (detected version 1.24.3
  warnings.warn(f"A NumPy version >={np_minversion} and <{np_maxversion}"
/home/daoheng/anaconda3/lib/python3.9/site-packages/scipy/__init__.py:146: UserWarning: A NumPy version >=1.16.5 and <1.23.0 is required for this version of SciPy (detected version 1.24.3
  warnings.warn(f"A NumPy version >={np_minversion} and <{np_maxversion}"
/home/daoheng/anaconda3/lib/python3.9/site-packages/scipy/__init__.py:146: UserWarning: A NumPy version >=1.16.5 and <1.23.0 is required for this version of SciPy (detected version 1.24.3
  warnings.warn(f"A NumPy version >={np_minversion} and <{np_maxversion}"
/home/daoheng/anaconda3/lib/python3.9/site-packages/scipy/__init__.py:146: UserWarning: A NumPy version >=1.16.5 and <1.23.0 is required for this version of SciPy (detected version 1.24.3
  warnings.warn(f"A NumPy version >={np_minversion} and <{np_maxversion}"
/home/daoheng/anaconda3/lib/python3.9/site-packages/scipy/__init__.py:146: UserWarning: A NumPy version >=1.16.5 and <1.23.0 is required for this version of SciPy (detected version 1.24.3
  warnings.warn(f"A NumPy version >={np_minversion} and <{np_maxversion}"
/home/daoheng/anaconda3/lib/python3.9/site-packages/scipy/__init__.py:146: UserWarning: A NumPy version >=1.16.5 and <1.23.0 is required for this version of SciPy (detected version 1.24.3
  warnings.warn(f"A NumPy version >={np_minversion} and <{np_maxversion}"
/home/daoheng/anaconda3/lib/python3.9/site-packages/scipy/__init__.py:146: UserWarning: A NumPy version >=1.16.5 and <1.23.0 is required for this version of SciPy (detected version 1.24.3
  warnings.warn(f"A NumPy version >={np_minversion} and <{np_maxversion}"
/home/daoheng/anaconda3/lib/python3.9/site-packages/scipy/__init__.py:146: UserWarning: A NumPy version >=1.16.5 and <1.23.0 is required for this version of SciPy (detected version 1.24.3
  warnings.warn(f"A NumPy version >={np_minversion} and <{np_maxversion}"
/home/daoheng/anaconda3/lib/python3.9/site-packages/scipy/__init__.py:146: UserWarning: A NumPy version >=1.16.5 and <1.23.0 is required for this version of SciPy (detected version 1.24.3
  warnings.warn(f"A NumPy version >={np_minversion} and <{np_maxversion}"
/home/daoheng/anaconda3/lib/python3.9/site-packages/scipy/__init__.py:146: UserWarning: A NumPy version >=1.16.5 and <1.23.0 is required for this version of SciPy (detected version 1.24.3
  warnings.warn(f"A NumPy version >={np_minversion} and <{np_maxversion}"
/home/daoheng/anaconda3/lib/python3.9/site-packages/scipy/__init__.py:146: UserWarning: A NumPy version >=1.16.5 and <1.23.0 is required for this version of SciPy (detected version 1.24.3
  warnings.warn(f"A NumPy version >={np_minversion} and <{np_maxversion}"
[[0.996997 0.997    0.996997 0.998    0.999    0.998   ]]
finished p_r= 0.05, L = 12, r=40 in 1549.2 secs
[[0.997 0.998 1.    0.998 0.999 0.997]]
finished p_r= 0.05, L = 12, r=59 in 864.8 secs
[[0.999 1.    0.998 0.998 1.    0.998]]
finished p_r= 0.05, L = 14, r=25 in 2390.3 secs
[[0.997 0.997 0.998 0.998 0.998 0.998]]
finished p_r= 0.05, L = 14, r=42 in 2389.9 secs
[[0.997    0.997    0.998999 0.997998 0.999    1.      ]]
finished p_r= 0.05, L = 14, r=34 in 2393.0 secs
[[1.       1.       0.999    0.998999 0.999    1.      ]]
finished p_r= 0.05, L = 12, r=24 in 1545.1 secs
[[0.996    0.997998 0.997    0.998    0.997998 0.997   ]]
finished p_r= 0.05, L = 12, r=55 in 864.3 secs
[[0.996997 0.998998 0.997998 1.       0.999    0.998   ]]
finished p_r= 0.05, L = 14, r=24 in 2400.0 secs
[[1.    0.999 0.999 0.999 1.    1.   ]]
finished p_r= 0.05, L = 14, r=31 in 2404.0 secs
[[0.998999 0.997998 1.       0.998    0.999    1.      ]]
finished p_r= 0.05, L = 14, r=32 in 2404.1 secs
[[1. 1. 1. 1. 1. 1.]]
finished p_r= 0.05, L = 12, r=33 in 1174.7 secs
[[0.998 0.999 0.998 1.    0.999 0.998]]
finished p_r= 0.05, L = 12, r=50 in 1077.0 secs
[[0.999    0.998999 0.998    0.997998 0.999    0.998   ]]
finished p_r= 0.05, L = 14, r=20 in 2422.7 secs
[[1.    1.    1.    1.    0.999 1.   ]]
finished p_r= 0.05, L = 14, r=39 in 2424.4 secs
[[0.999 0.999 1.    0.999 1.    0.999]]
finished p_r= 0.05, L = 12, r=34 in 1545.0 secs
[[1.       1.       0.998999 1.       0.997    0.999   ]]
finished p_r= 0.05, L = 12, r=54 in 880.0 secs
[[0.997 0.999 0.999 0.998 0.998 0.998]]
finished p_r= 0.05, L = 14, r=28 in 2434.4 secs
[[0.997 0.998 0.996 0.997 0.997 0.997]]
finished p_r= 0.05, L = 12, r=32 in 1253.3 secs
[[0.999    0.998    0.997    0.999    0.995996 0.999   ]]
finished p_r= 0.05, L = 12, r=51 in 1057.9 secs
[[0.997 0.996 0.997 1.    0.997 0.998]]
finished p_r= 0.05, L = 14, r=22 in 2437.6 secs
[[0.998 0.998 0.997 0.999 0.997 0.999]]
finished p_r= 0.05, L = 14, r=36 in 1693.0 secs
[[0.998 0.995 0.999 0.996 0.997 0.998]]
finished p_r= 0.05, L = 14, r=46 in 1596.4 secs
[[0.997 0.996 0.997 0.997 0.995 0.998]]
finished p_r= 0.05, L = 14, r=30 in 1786.1 secs
[[0.997 0.994 0.997 0.996 0.996 0.998]]
finished p_r= 0.05, L = 14, r=49 in 1516.9 secs
[[0.999    0.999    0.998    0.999    0.996997 0.998   ]]
finished p_r= 0.05, L = 14, r=41 in 1787.3 secs
[[0.998    0.997    0.996997 0.999    0.996    0.998999]]
finished p_r= 0.05, L = 14, r=50 in 1519.0 secs
[[0.99499499 0.996997   0.99399399 0.99799599 0.994      0.996997  ]]
finished p_r= 0.05, L = 14, r=35 in 1682.0 secs
[[0.998999 1.       0.998    0.998    1.       0.999   ]]
finished p_r= 0.05, L = 14, r=45 in 1634.6 secs
[[0.999 0.998 0.998 0.997 0.998 0.998]]
finished p_r= 0.05, L = 12, r=38 in 1408.9 secs
[[1.       0.998999 0.997    0.996997 0.995    0.998   ]]
finished p_r= 0.05, L = 12, r=53 in 913.9 secs
[[0.995996 0.995996 0.998    0.997    0.997998 1.      ]]
finished p_r= 0.05, L = 14, r=23 in 1717.5 secs
[[0.999 0.998 0.998 0.999 0.996 0.998]]
finished p_r= 0.05, L = 14, r=47 in 1605.7 secs
[[0.998 0.998 0.997 0.998 0.997 0.997]]
finished p_r= 0.05, L = 12, r=28 in 1547.1 secs
[[0.999    1.       0.998999 0.999    0.999    0.998999]]
finished p_r= 0.05, L = 12, r=57 in 873.5 secs
[[0.999 0.998 0.998 0.998 0.999 0.998]]
finished p_r= 0.05, L = 14, r=27 in 1766.5 secs
[[0.999    0.996    1.       0.999    0.998999 1.      ]]
finished p_r= 0.05, L = 14, r=48 in 1613.4 secs
[[0.999 0.998 0.998 0.999 1.    0.998]]
finished p_r= 0.05, L = 14, r=33 in 1798.8 secs
[[0.999    0.998999 0.997998 0.998999 0.997998 1.      ]]
finished p_r= 0.05, L = 14, r=51 in 1603.2 secs
L= 16
/home/daoheng/anaconda3/lib/python3.9/site-packages/scipy/__init__.py:146: UserWarning: A NumPy version >=1.16.5 and <1.23.0 is required for this version of SciPy (detected version 1.24.3
  warnings.warn(f"A NumPy version >={np_minversion} and <{np_maxversion}"
/home/daoheng/anaconda3/lib/python3.9/site-packages/scipy/__init__.py:146: UserWarning: A NumPy version >=1.16.5 and <1.23.0 is required for this version of SciPy (detected version 1.24.3
  warnings.warn(f"A NumPy version >={np_minversion} and <{np_maxversion}"
/home/daoheng/anaconda3/lib/python3.9/site-packages/scipy/__init__.py:146: UserWarning: A NumPy version >=1.16.5 and <1.23.0 is required for this version of SciPy (detected version 1.24.3
  warnings.warn(f"A NumPy version >={np_minversion} and <{np_maxversion}"
/home/daoheng/anaconda3/lib/python3.9/site-packages/scipy/__init__.py:146: UserWarning: A NumPy version >=1.16.5 and <1.23.0 is required for this version of SciPy (detected version 1.24.3
  warnings.warn(f"A NumPy version >={np_minversion} and <{np_maxversion}"
/home/daoheng/anaconda3/lib/python3.9/site-packages/scipy/__init__.py:146: UserWarning: A NumPy version >=1.16.5 and <1.23.0 is required for this version of SciPy (detected version 1.24.3
  warnings.warn(f"A NumPy version >={np_minversion} and <{np_maxversion}"
/home/daoheng/anaconda3/lib/python3.9/site-packages/scipy/__init__.py:146: UserWarning: A NumPy version >=1.16.5 and <1.23.0 is required for this version of SciPy (detected version 1.24.3
  warnings.warn(f"A NumPy version >={np_minversion} and <{np_maxversion}"
/home/daoheng/anaconda3/lib/python3.9/site-packages/scipy/__init__.py:146: UserWarning: A NumPy version >=1.16.5 and <1.23.0 is required for this version of SciPy (detected version 1.24.3
  warnings.warn(f"A NumPy version >={np_minversion} and <{np_maxversion}"
/home/daoheng/anaconda3/lib/python3.9/site-packages/scipy/__init__.py:146: UserWarning: A NumPy version >=1.16.5 and <1.23.0 is required for this version of SciPy (detected version 1.24.3
  warnings.warn(f"A NumPy version >={np_minversion} and <{np_maxversion}"
/home/daoheng/anaconda3/lib/python3.9/site-packages/scipy/__init__.py:146: UserWarning: A NumPy version >=1.16.5 and <1.23.0 is required for this version of SciPy (detected version 1.24.3
  warnings.warn(f"A NumPy version >={np_minversion} and <{np_maxversion}"
/home/daoheng/anaconda3/lib/python3.9/site-packages/scipy/__init__.py:146: UserWarning: A NumPy version >=1.16.5 and <1.23.0 is required for this version of SciPy (detected version 1.24.3
  warnings.warn(f"A NumPy version >={np_minversion} and <{np_maxversion}"
/home/daoheng/anaconda3/lib/python3.9/site-packages/scipy/__init__.py:146: UserWarning: A NumPy version >=1.16.5 and <1.23.0 is required for this version of SciPy (detected version 1.24.3
  warnings.warn(f"A NumPy version >={np_minversion} and <{np_maxversion}"
/home/daoheng/anaconda3/lib/python3.9/site-packages/scipy/__init__.py:146: UserWarning: A NumPy version >=1.16.5 and <1.23.0 is required for this version of SciPy (detected version 1.24.3
  warnings.warn(f"A NumPy version >={np_minversion} and <{np_maxversion}"
/home/daoheng/anaconda3/lib/python3.9/site-packages/scipy/__init__.py:146: UserWarning: A NumPy version >=1.16.5 and <1.23.0 is required for this version of SciPy (detected version 1.24.3
  warnings.warn(f"A NumPy version >={np_minversion} and <{np_maxversion}"
/home/daoheng/anaconda3/lib/python3.9/site-packages/scipy/__init__.py:146: UserWarning: A NumPy version >=1.16.5 and <1.23.0 is required for this version of SciPy (detected version 1.24.3
  warnings.warn(f"A NumPy version >={np_minversion} and <{np_maxversion}"
/home/daoheng/anaconda3/lib/python3.9/site-packages/scipy/__init__.py:146: UserWarning: A NumPy version >=1.16.5 and <1.23.0 is required for this version of SciPy (detected version 1.24.3
  warnings.warn(f"A NumPy version >={np_minversion} and <{np_maxversion}"
/home/daoheng/anaconda3/lib/python3.9/site-packages/scipy/__init__.py:146: UserWarning: A NumPy version >=1.16.5 and <1.23.0 is required for this version of SciPy (detected version 1.24.3
  warnings.warn(f"A NumPy version >={np_minversion} and <{np_maxversion}"
/home/daoheng/anaconda3/lib/python3.9/site-packages/scipy/__init__.py:146: UserWarning: A NumPy version >=1.16.5 and <1.23.0 is required for this version of SciPy (detected version 1.24.3
  warnings.warn(f"A NumPy version >={np_minversion} and <{np_maxversion}"
[[0.996    0.997    0.998    0.996    0.997    0.997998]]
finished p_r= 0.05, L = 16, r=37 in 3416.9 secs
[[0.998 0.997 0.998 0.997 0.998 0.996]]
finished p_r= 0.05, L = 16, r=43 in 3417.6 secs
[[0.996    0.994    0.997    0.997    0.998999 0.997   ]]
finished p_r= 0.05, L = 12, r=30 in 1549.2 secs
[[0.998    0.998    0.998    0.996997 0.998999 0.997998]]
finished p_r= 0.05, L = 12, r=58 in 871.2 secs
[[0.996 0.997 1.    0.997 0.997 0.997]]
finished p_r= 0.05, L = 14, r=26 in 2389.8 secs
[[0.998 0.998 0.997 0.997 0.997 0.996]]
finished p_r= 0.05, L = 14, r=59 in 1337.7 secs
[[0.999    0.998    0.999    0.997998 1.       1.      ]]
finished p_r= 0.05, L = 16, r=26 in 3461.0 secs
[[0.998999 1.       0.997998 0.998999 1.       0.998   ]]
finished p_r= 0.05, L = 16, r=28 in 3460.7 secs
[[0.998    1.       0.997998 0.998999 0.997998 0.998999]]
finished p_r= 0.05, L = 14, r=43 in 2260.3 secs
[[0.999      0.99799599 0.996997   0.998998   0.996997   0.998     ]]
finished p_r= 0.05, L = 14, r=53 in 1360.7 secs
[[0.998    0.998    0.998    0.997    0.996997 0.998   ]]
finished p_r= 0.05, L = 16, r=21 in 3470.8 secs
[[0.995 0.997 0.995 0.999 0.996 0.996]]
finished p_r= 0.05, L = 16, r=33 in 3471.1 secs
[[0.996997 0.998    0.997    0.999    0.998    0.997   ]]
finished p_r= 0.05, L = 16, r=40 in 3534.1 secs
[[0.999    1.       0.998999 0.999    0.999    0.998   ]]
finished p_r= 0.05, L = 16, r=36 in 3546.8 secs
[[0.998 0.997 0.998 0.997 0.998 0.999]]
finished p_r= 0.05, L = 16, r=38 in 3556.2 secs
[[0.997998   0.99799599 0.995996   1.         0.99699097 0.997998  ]]
finished p_r= 0.05, L = 16, r=34 in 3561.4 secs
[[0.998 0.997 0.996 0.999 0.998 0.998]]
finished p_r= 0.05, L = 16, r=44 in 2451.7 secs
[[0.998    0.997998 0.996997 0.998998 0.999    0.999   ]]
finished p_r= 0.05, L = 16, r=45 in 2263.1 secs
[[0.997998 0.996997 0.998    0.998999 0.998    1.      ]]
finished p_r= 0.05, L = 14, r=37 in 2318.0 secs
[[0.998999   0.99799599 1.         0.999      0.997998   0.998     ]]
finished p_r= 0.05, L = 14, r=56 in 1399.7 secs
[[0.997 0.997 0.998 0.997 0.998 0.999]]
finished p_r= 0.05, L = 16, r=25 in 2490.7 secs
[[1.    1.    1.    0.999 0.998 0.999]]
finished p_r= 0.05, L = 16, r=46 in 2272.1 secs
[[0.996      0.997      0.995996   0.996      0.99499499 0.996     ]]
finished p_r= 0.05, L = 16, r=29 in 2614.2 secs
[[0.992      0.99299299 0.997      0.99499499 0.995      0.99499499]]
finished p_r= 0.05, L = 16, r=47 in 2188.1 secs
[[0.999 0.996 0.996 1.    0.996 0.998]]
finished p_r= 0.05, L = 16, r=39 in 2782.1 secs
[[0.998 0.996 0.999 0.998 1.    0.999]]
finished p_r= 0.05, L = 16, r=49 in 2179.8 secs
L= 18
/home/daoheng/anaconda3/lib/python3.9/site-packages/scipy/__init__.py:146: UserWarning: A NumPy version >=1.16.5 and <1.23.0 is required for this version of SciPy (detected version 1.24.3
  warnings.warn(f"A NumPy version >={np_minversion} and <{np_maxversion}"
/home/daoheng/anaconda3/lib/python3.9/site-packages/scipy/__init__.py:146: UserWarning: A NumPy version >=1.16.5 and <1.23.0 is required for this version of SciPy (detected version 1.24.3
  warnings.warn(f"A NumPy version >={np_minversion} and <{np_maxversion}"
/home/daoheng/anaconda3/lib/python3.9/site-packages/scipy/__init__.py:146: UserWarning: A NumPy version >=1.16.5 and <1.23.0 is required for this version of SciPy (detected version 1.24.3
  warnings.warn(f"A NumPy version >={np_minversion} and <{np_maxversion}"
/home/daoheng/anaconda3/lib/python3.9/site-packages/scipy/__init__.py:146: UserWarning: A NumPy version >=1.16.5 and <1.23.0 is required for this version of SciPy (detected version 1.24.3
  warnings.warn(f"A NumPy version >={np_minversion} and <{np_maxversion}"
/home/daoheng/anaconda3/lib/python3.9/site-packages/scipy/__init__.py:146: UserWarning: A NumPy version >=1.16.5 and <1.23.0 is required for this version of SciPy (detected version 1.24.3
  warnings.warn(f"A NumPy version >={np_minversion} and <{np_maxversion}"
/home/daoheng/anaconda3/lib/python3.9/site-packages/scipy/__init__.py:146: UserWarning: A NumPy version >=1.16.5 and <1.23.0 is required for this version of SciPy (detected version 1.24.3
  warnings.warn(f"A NumPy version >={np_minversion} and <{np_maxversion}"
/home/daoheng/anaconda3/lib/python3.9/site-packages/scipy/__init__.py:146: UserWarning: A NumPy version >=1.16.5 and <1.23.0 is required for this version of SciPy (detected version 1.24.3
  warnings.warn(f"A NumPy version >={np_minversion} and <{np_maxversion}"
/home/daoheng/anaconda3/lib/python3.9/site-packages/scipy/__init__.py:146: UserWarning: A NumPy version >=1.16.5 and <1.23.0 is required for this version of SciPy (detected version 1.24.3
  warnings.warn(f"A NumPy version >={np_minversion} and <{np_maxversion}"
/home/daoheng/anaconda3/lib/python3.9/site-packages/scipy/__init__.py:146: UserWarning: A NumPy version >=1.16.5 and <1.23.0 is required for this version of SciPy (detected version 1.24.3
  warnings.warn(f"A NumPy version >={np_minversion} and <{np_maxversion}"
/home/daoheng/anaconda3/lib/python3.9/site-packages/scipy/__init__.py:146: UserWarning: A NumPy version >=1.16.5 and <1.23.0 is required for this version of SciPy (detected version 1.24.3
  warnings.warn(f"A NumPy version >={np_minversion} and <{np_maxversion}"
/home/daoheng/anaconda3/lib/python3.9/site-packages/scipy/__init__.py:146: UserWarning: A NumPy version >=1.16.5 and <1.23.0 is required for this version of SciPy (detected version 1.24.3
  warnings.warn(f"A NumPy version >={np_minversion} and <{np_maxversion}"
/home/daoheng/anaconda3/lib/python3.9/site-packages/scipy/__init__.py:146: UserWarning: A NumPy version >=1.16.5 and <1.23.0 is required for this version of SciPy (detected version 1.24.3
  warnings.warn(f"A NumPy version >={np_minversion} and <{np_maxversion}"
/home/daoheng/anaconda3/lib/python3.9/site-packages/scipy/__init__.py:146: UserWarning: A NumPy version >=1.16.5 and <1.23.0 is required for this version of SciPy (detected version 1.24.3
  warnings.warn(f"A NumPy version >={np_minversion} and <{np_maxversion}"
/home/daoheng/anaconda3/lib/python3.9/site-packages/scipy/__init__.py:146: UserWarning: A NumPy version >=1.16.5 and <1.23.0 is required for this version of SciPy (detected version 1.24.3
  warnings.warn(f"A NumPy version >={np_minversion} and <{np_maxversion}"
[[1.       0.999    0.998999 0.999    0.998999 0.998999]]
finished p_r= 0.05, L = 16, r=30 in 3195.7 secs
[[0.997998 0.998    0.997    0.999    0.997    0.996997]]
finished p_r= 0.05, L = 16, r=57 in 2053.0 secs
[[0.996 0.997 0.997 0.998 0.996 0.996]]
finished p_r= 0.05, L = 18, r=24 in 4781.9 secs
[[0.998 0.997 0.997 0.996 0.996 0.997]]
finished p_r= 0.05, L = 12, r=43 in 1335.2 secs
[[0.997 0.999 0.999 0.999 0.998 0.999]]
finished p_r= 0.05, L = 12, r=52 in 923.4 secs
[[0.996 0.998 0.995 0.996 1.    0.999]]
finished p_r= 0.05, L = 14, r=21 in 2307.1 secs
[[1. 1. 1. 1. 1. 1.]]
finished p_r= 0.05, L = 14, r=55 in 1390.9 secs
[[0.998 0.998 0.997 1.    0.998 0.998]]
finished p_r= 0.05, L = 16, r=23 in 2915.8 secs
[[0.999 0.999 0.998 0.997 0.998 0.998]]
finished p_r= 0.05, L = 16, r=50 in 2240.0 secs
[[0.996    0.998    0.996997 0.998    0.998    0.995   ]]
finished p_r= 0.05, L = 18, r=22 in 4814.9 secs
[[0.998    0.997998 0.998    0.997998 0.997998 0.998   ]]
finished p_r= 0.05, L = 16, r=42 in 2995.4 secs
[[0.996997 0.996997 0.998    0.997    0.998    0.997998]]
finished p_r= 0.05, L = 16, r=52 in 2149.2 secs
[[0.997 0.997 0.997 0.997 0.999 0.997]]
finished p_r= 0.05, L = 18, r=21 in 4832.9 secs
[[0.997998 0.996997 0.995996 0.996997 0.998    0.999   ]]
finished p_r= 0.05, L = 18, r=32 in 4832.6 secs
[[0.999    0.997998 0.996997 1.       0.996997 0.998999]]
finished p_r= 0.05, L = 18, r=42 in 4855.8 secs
[[0.997 0.997 1.    0.996 1.    0.998]]
finished p_r= 0.05, L = 16, r=41 in 3190.0 secs
[[0.999 0.999 1.    1.    1.    0.999]]
finished p_r= 0.05, L = 16, r=55 in 2072.3 secs
[[0.99399399 0.99599198 0.99599198 0.997998   0.995996   0.998     ]]
finished p_r= 0.05, L = 18, r=25 in 4858.4 secs
[[0.998999 0.998998 0.997998 1.       0.998    1.      ]]
finished p_r= 0.05, L = 16, r=31 in 3194.5 secs
[[1.    1.    0.999 0.998 0.998 0.999]]
finished p_r= 0.05, L = 16, r=56 in 2093.2 secs
[[0.999 1.    0.999 1.    0.999 0.996]]
finished p_r= 0.05, L = 18, r=27 in 4882.5 secs
[[1.    0.999 0.999 1.    0.999 0.998]]
finished p_r= 0.05, L = 16, r=35 in 3144.4 secs
[[0.999 0.998 0.997 0.999 0.997 0.996]]
finished p_r= 0.05, L = 16, r=54 in 2132.6 secs
[[0.998 0.998 0.999 0.998 0.999 0.997]]
finished p_r= 0.05, L = 18, r=26 in 4894.4 secs
[[0.998    0.998    0.997998 0.997    0.998    0.998999]]
finished p_r= 0.05, L = 18, r=41 in 4908.4 secs
[[0.995    0.996    0.996997 0.998    0.995996 0.996   ]]
finished p_r= 0.05, L = 18, r=31 in 4918.4 secs
[[0.999 0.998 0.998 1.    0.998 0.997]]
finished p_r= 0.05, L = 18, r=37 in 3466.4 secs
[[1.       1.       0.997998 0.999    0.998998 1.      ]]
finished p_r= 0.05, L = 18, r=46 in 3155.1 secs
[[0.998 0.999 1.    0.999 1.    0.998]]
finished p_r= 0.05, L = 16, r=32 in 3254.8 secs
[[0.997 0.996 0.997 0.999 0.997 0.998]]
finished p_r= 0.05, L = 16, r=58 in 2033.6 secs
[[0.999      0.995      0.99499499 0.999      0.995      0.997     ]]
finished p_r= 0.05, L = 18, r=28 in 3460.6 secs
[[0.997    0.995996 0.997    0.995996 0.997    0.998   ]]
finished p_r= 0.05, L = 18, r=45 in 3394.2 secs
[[0.998 0.997 0.998 0.995 0.998 1.   ]]
finished p_r= 0.05, L = 18, r=34 in 3851.4 secs
[[0.996997 0.995996 0.995    1.       0.995996 0.997   ]]
finished p_r= 0.05, L = 18, r=48 in 3068.9 secs
[[0.999    1.       1.       0.998999 0.998999 1.      ]]
finished p_r= 0.05, L = 14, r=44 in 2378.8 secs
[[1.         0.999      1.         0.998      0.998      0.99799599]]
finished p_r= 0.05, L = 14, r=58 in 1335.5 secs
[[0.997 0.998 0.998 0.998 0.996 0.999]]
finished p_r= 0.05, L = 16, r=24 in 3355.9 secs
[[0.999 0.998 0.997 0.996 1.    0.998]]
finished p_r= 0.05, L = 16, r=59 in 1977.8 secs
[[0.999 0.998 0.998 0.998 0.999 1.   ]]
finished p_r= 0.05, L = 18, r=30 in 3930.2 secs
[[0.999 0.999 0.997 0.997 0.996 0.998]]
finished p_r= 0.05, L = 18, r=50 in 3097.7 secs
[[0.997    0.997    0.998999 0.999    0.999    0.996997]]
finished p_r= 0.05, L = 18, r=35 in 4177.2 secs
[[0.999      0.99699399 0.997      0.996997   0.999      0.997     ]]
finished p_r= 0.05, L = 18, r=53 in 2850.2 secs
[[0.996997 1.       1.       0.999    0.997998 1.      ]]
finished p_r= 0.05, L = 18, r=43 in 4124.7 secs
[[0.996997 0.999    0.999    0.997    0.998999 0.998   ]]
finished p_r= 0.05, L = 18, r=52 in 2914.1 secs
[[0.998 0.999 0.996 0.997 0.995 0.997]]
finished p_r= 0.05, L = 18, r=40 in 4069.8 secs
[[0.999 0.998 1.    0.999 0.997 0.998]]
finished p_r= 0.05, L = 18, r=51 in 2980.4 secs
[[0.998    0.998999 0.998999 0.999    0.996997 0.998999]]
finished p_r= 0.05, L = 18, r=36 in 3861.8 secs
[[0.998    1.       1.       1.       0.997998 0.998999]]
finished p_r= 0.05, L = 18, r=49 in 3195.0 secs
[[0.998 0.995 0.995 0.999 0.996 0.997]]
finished p_r= 0.05, L = 18, r=39 in 3839.1 secs
[[0.996    1.       0.998    0.998999 0.997    1.      ]]
finished p_r= 0.05, L = 18, r=47 in 3225.7 secs
L= 20
[[0.998 0.999 0.997 0.998 0.999 0.999]]
finished p_r= 0.05, L = 12, r=36 in 1546.6 secs
[[0.997    0.998    0.995996 0.995    0.998    0.997   ]]
finished p_r= 0.05, L = 12, r=56 in 885.9 secs
[[1.    0.998 0.998 0.999 0.995 0.999]]
finished p_r= 0.05, L = 14, r=29 in 2140.5 secs
[[1.       0.998999 0.996    0.997998 0.997998 0.998999]]
finished p_r= 0.05, L = 14, r=52 in 1433.2 secs
[[0.999 0.998 0.998 1.    1.    0.999]]
finished p_r= 0.05, L = 16, r=20 in 3098.8 secs
[[1.    1.    0.999 0.999 1.    1.   ]]
finished p_r= 0.05, L = 16, r=53 in 2195.5 secs
[[1.    1.    0.999 1.    1.    1.   ]]
finished p_r= 0.05, L = 18, r=29 in 4738.1 secs
[[0.997    1.       0.997    0.998    0.997    0.997998]]
finished p_r= 0.05, L = 18, r=59 in 2759.8 secs
/home/daoheng/anaconda3/lib/python3.9/site-packages/scipy/__init__.py:146: UserWarning: A NumPy version >=1.16.5 and <1.23.0 is required for this version of SciPy (detected version 1.24.3
  warnings.warn(f"A NumPy version >={np_minversion} and <{np_maxversion}"
/home/daoheng/anaconda3/lib/python3.9/site-packages/scipy/__init__.py:146: UserWarning: A NumPy version >=1.16.5 and <1.23.0 is required for this version of SciPy (detected version 1.24.3
  warnings.warn(f"A NumPy version >={np_minversion} and <{np_maxversion}"
/home/daoheng/anaconda3/lib/python3.9/site-packages/scipy/__init__.py:146: UserWarning: A NumPy version >=1.16.5 and <1.23.0 is required for this version of SciPy (detected version 1.24.3
  warnings.warn(f"A NumPy version >={np_minversion} and <{np_maxversion}"
/home/daoheng/anaconda3/lib/python3.9/site-packages/scipy/__init__.py:146: UserWarning: A NumPy version >=1.16.5 and <1.23.0 is required for this version of SciPy (detected version 1.24.3
  warnings.warn(f"A NumPy version >={np_minversion} and <{np_maxversion}"
/home/daoheng/anaconda3/lib/python3.9/site-packages/scipy/__init__.py:146: UserWarning: A NumPy version >=1.16.5 and <1.23.0 is required for this version of SciPy (detected version 1.24.3
  warnings.warn(f"A NumPy version >={np_minversion} and <{np_maxversion}"
/home/daoheng/anaconda3/lib/python3.9/site-packages/scipy/__init__.py:146: UserWarning: A NumPy version >=1.16.5 and <1.23.0 is required for this version of SciPy (detected version 1.24.3
  warnings.warn(f"A NumPy version >={np_minversion} and <{np_maxversion}"
/home/daoheng/anaconda3/lib/python3.9/site-packages/scipy/__init__.py:146: UserWarning: A NumPy version >=1.16.5 and <1.23.0 is required for this version of SciPy (detected version 1.24.3
  warnings.warn(f"A NumPy version >={np_minversion} and <{np_maxversion}"
/home/daoheng/anaconda3/lib/python3.9/site-packages/scipy/__init__.py:146: UserWarning: A NumPy version >=1.16.5 and <1.23.0 is required for this version of SciPy (detected version 1.24.3
  warnings.warn(f"A NumPy version >={np_minversion} and <{np_maxversion}"
/home/daoheng/anaconda3/lib/python3.9/site-packages/scipy/__init__.py:146: UserWarning: A NumPy version >=1.16.5 and <1.23.0 is required for this version of SciPy (detected version 1.24.3
  warnings.warn(f"A NumPy version >={np_minversion} and <{np_maxversion}"
/home/daoheng/anaconda3/lib/python3.9/site-packages/scipy/__init__.py:146: UserWarning: A NumPy version >=1.16.5 and <1.23.0 is required for this version of SciPy (detected version 1.24.3
  warnings.warn(f"A NumPy version >={np_minversion} and <{np_maxversion}"
/home/daoheng/anaconda3/lib/python3.9/site-packages/scipy/__init__.py:146: UserWarning: A NumPy version >=1.16.5 and <1.23.0 is required for this version of SciPy (detected version 1.24.3
  warnings.warn(f"A NumPy version >={np_minversion} and <{np_maxversion}"
/home/daoheng/anaconda3/lib/python3.9/site-packages/scipy/__init__.py:146: UserWarning: A NumPy version >=1.16.5 and <1.23.0 is required for this version of SciPy (detected version 1.24.3
  warnings.warn(f"A NumPy version >={np_minversion} and <{np_maxversion}"
/home/daoheng/anaconda3/lib/python3.9/site-packages/scipy/__init__.py:146: UserWarning: A NumPy version >=1.16.5 and <1.23.0 is required for this version of SciPy (detected version 1.24.3
  warnings.warn(f"A NumPy version >={np_minversion} and <{np_maxversion}"
/home/daoheng/anaconda3/lib/python3.9/site-packages/scipy/__init__.py:146: UserWarning: A NumPy version >=1.16.5 and <1.23.0 is required for this version of SciPy (detected version 1.24.3
  warnings.warn(f"A NumPy version >={np_minversion} and <{np_maxversion}"
/home/daoheng/anaconda3/lib/python3.9/site-packages/scipy/__init__.py:146: UserWarning: A NumPy version >=1.16.5 and <1.23.0 is required for this version of SciPy (detected version 1.24.3
  warnings.warn(f"A NumPy version >={np_minversion} and <{np_maxversion}"
/home/daoheng/anaconda3/lib/python3.9/site-packages/scipy/__init__.py:146: UserWarning: A NumPy version >=1.16.5 and <1.23.0 is required for this version of SciPy (detected version 1.24.3
  warnings.warn(f"A NumPy version >={np_minversion} and <{np_maxversion}"
/home/daoheng/anaconda3/lib/python3.9/site-packages/scipy/__init__.py:146: UserWarning: A NumPy version >=1.16.5 and <1.23.0 is required for this version of SciPy (detected version 1.24.3
  warnings.warn(f"A NumPy version >={np_minversion} and <{np_maxversion}"
/home/daoheng/anaconda3/lib/python3.9/site-packages/scipy/__init__.py:146: UserWarning: A NumPy version >=1.16.5 and <1.23.0 is required for this version of SciPy (detected version 1.24.3
  warnings.warn(f"A NumPy version >={np_minversion} and <{np_maxversion}"
/home/daoheng/anaconda3/lib/python3.9/site-packages/scipy/__init__.py:146: UserWarning: A NumPy version >=1.16.5 and <1.23.0 is required for this version of SciPy (detected version 1.24.3
  warnings.warn(f"A NumPy version >={np_minversion} and <{np_maxversion}"
/home/daoheng/anaconda3/lib/python3.9/site-packages/scipy/__init__.py:146: UserWarning: A NumPy version >=1.16.5 and <1.23.0 is required for this version of SciPy (detected version 1.24.3
  warnings.warn(f"A NumPy version >={np_minversion} and <{np_maxversion}"
[[0.998999 0.999    0.998    0.998    0.997998 0.999   ]]
finished p_r= 0.05, L = 14, r=40 in 2286.4 secs
[[0.999 1.    0.999 0.999 0.999 1.   ]]
finished p_r= 0.05, L = 14, r=54 in 1396.3 secs
[[0.996997 0.997998 0.996    0.999    0.997998 0.998   ]]
finished p_r= 0.05, L = 16, r=22 in 2958.5 secs
[[0.997 0.997 0.997 0.996 0.997 0.998]]
finished p_r= 0.05, L = 16, r=51 in 2235.5 secs
[[0.998    0.998999 1.       0.998    0.998999 1.      ]]
finished p_r= 0.05, L = 18, r=23 in 4334.6 secs
[[0.999 0.998 0.997 0.999 0.999 0.997]]
finished p_r= 0.05, L = 18, r=56 in 2895.2 secs
[[0.997998 0.997998 0.998    0.997998 0.996997 0.999   ]]
finished p_r= 0.05, L = 20, r=20 in 6479.4 secs
[[0.999    0.997998 0.996    0.996997 0.997    0.997   ]]
finished p_r= 0.05, L = 20, r=40 in 6326.3 secs
[[0.994    0.995    0.998    0.996997 0.998    0.994   ]]
finished p_r= 0.05, L = 20, r=42 in 6357.1 secs
[[0.999 1.    1.    1.    0.999 1.   ]]
finished p_r= 0.05, L = 20, r=44 in 6415.4 secs
[[0.99299299 0.99399399 0.996      0.996      0.999      0.998999  ]]
finished p_r= 0.05, L = 20, r=33 in 6423.5 secs
[[0.999 1.    1.    0.999 1.    1.   ]]
finished p_r= 0.05, L = 20, r=28 in 6531.7 secs
[[1.    0.999 1.    0.999 0.999 1.   ]]
finished p_r= 0.05, L = 20, r=43 in 6601.2 secs
[[0.998 0.995 0.999 0.997 0.996 0.998]]
finished p_r= 0.05, L = 14, r=38 in 2376.1 secs
[[0.998 1.    1.    0.999 1.    0.999]]
finished p_r= 0.05, L = 14, r=57 in 1358.5 secs
[[0.999 0.998 0.998 0.999 0.998 1.   ]]
finished p_r= 0.05, L = 16, r=27 in 2773.2 secs
[[0.999      0.997      0.997      0.998      0.99599198 0.997998  ]]
finished p_r= 0.05, L = 16, r=48 in 2277.7 secs
[[0.999    0.997    0.999    0.996997 1.       0.999   ]]
finished p_r= 0.05, L = 18, r=20 in 4456.0 secs
[[0.998 0.998 0.998 0.998 0.999 0.998]]
finished p_r= 0.05, L = 18, r=57 in 2916.1 secs
[[0.999 0.998 0.995 0.999 0.996 0.998]]
finished p_r= 0.05, L = 20, r=24 in 6645.0 secs
[[0.999 0.999 0.999 1.    0.999 1.   ]]
finished p_r= 0.05, L = 18, r=44 in 4316.2 secs
[[1.       1.       0.999    1.       0.998999 1.      ]]
finished p_r= 0.05, L = 18, r=55 in 2982.2 secs
[[1.    0.999 0.999 1.    0.999 0.999]]
finished p_r= 0.05, L = 20, r=23 in 6678.9 secs
[[0.999 0.998 0.998 0.998 0.997 0.997]]
finished p_r= 0.05, L = 20, r=41 in 6681.6 secs
[[0.997 0.998 0.998 0.997 0.996 0.996]]
finished p_r= 0.05, L = 20, r=37 in 4532.4 secs
[[0.999 1.    0.998 0.999 0.995 0.998]]
finished p_r= 0.05, L = 20, r=45 in 4242.1 secs
[[0.998    0.998    0.998    0.995996 0.999    0.998   ]]
finished p_r= 0.05, L = 18, r=38 in 4227.4 secs
[[0.997    0.995996 0.996997 0.997998 0.995996 0.999   ]]
finished p_r= 0.05, L = 18, r=54 in 3021.3 secs
[[0.998 0.997 0.999 0.997 0.999 0.996]]
finished p_r= 0.05, L = 20, r=21 in 4574.1 secs
[[0.993 0.998 0.997 0.996 0.997 0.999]]
finished p_r= 0.05, L = 20, r=46 in 4258.4 secs
[[0.996997 0.995996 0.997    0.998    0.996    0.998999]]
finished p_r= 0.05, L = 20, r=38 in 4893.5 secs
[[0.998    0.998    0.997    0.999    0.998999 0.998   ]]
finished p_r= 0.05, L = 20, r=48 in 3998.0 secs
[[0.998    0.998999 0.995    0.996997 0.997    0.998   ]]
finished p_r= 0.05, L = 20, r=29 in 4769.5 secs
[[1.    0.999 0.999 0.999 0.999 0.999]]
finished p_r= 0.05, L = 20, r=47 in 4243.6 secs
[[0.998      0.998999   0.99799599 0.998999   0.99699399 0.996997  ]]
finished p_r= 0.05, L = 20, r=25 in 4955.3 secs
[[0.996997 0.998999 0.997998 0.998999 0.996997 0.999   ]]
finished p_r= 0.05, L = 20, r=49 in 4237.6 secs
[[0.996 0.995 0.998 0.997 0.999 0.997]]
finished p_r= 0.05, L = 20, r=27 in 5352.7 secs
[[0.999    0.998    0.997998 0.995996 0.998    0.996997]]
finished p_r= 0.05, L = 20, r=51 in 3948.0 secs
[[0.998 0.999 0.999 1.    1.    0.998]]
finished p_r= 0.05, L = 20, r=30 in 5273.1 secs
[[0.997998   0.99799599 0.996997   0.99699399 0.99599198 0.998999  ]]
finished p_r= 0.05, L = 20, r=50 in 4091.7 secs
[[0.995    0.996997 0.999    0.999    0.997998 0.995996]]
finished p_r= 0.05, L = 20, r=35 in 5763.0 secs
[[0.999 0.999 0.999 0.999 0.999 0.999]]
finished p_r= 0.05, L = 20, r=52 in 3834.1 secs
[[0.998999 1.       0.998    0.998    1.       1.      ]]
finished p_r= 0.05, L = 20, r=34 in 5871.0 secs
[[0.997 0.999 0.998 0.996 0.999 0.998]]
finished p_r= 0.05, L = 20, r=53 in 3739.9 secs
[[0.999    0.997998 0.997998 0.998    0.997998 0.998   ]]
finished p_r= 0.05, L = 20, r=26 in 5910.2 secs
[[0.997 0.998 0.998 0.997 0.997 0.998]]
finished p_r= 0.05, L = 20, r=54 in 3779.7 secs
[[0.997    0.997998 0.996    1.       0.996    0.998   ]]
finished p_r= 0.05, L = 20, r=32 in 5960.5 secs
[[0.998    0.997    0.998999 0.998    1.       0.999   ]]
finished p_r= 0.05, L = 20, r=55 in 3769.6 secs
[[0.998 0.996 0.996 0.996 0.997 0.999]]
finished p_r= 0.05, L = 20, r=36 in 6007.1 secs
[[0.997998 0.997    0.998999 0.999    0.996997 0.999   ]]
finished p_r= 0.05, L = 20, r=56 in 3775.4 secs
[[0.997 0.995 0.999 0.998 0.998 0.996]]
finished p_r= 0.05, L = 20, r=31 in 6186.3 secs
[[0.995      0.996      0.998      0.996      0.998      0.99399399]]
finished p_r= 0.05, L = 20, r=57 in 3616.5 secs
[[0.996 0.996 0.997 0.998 0.996 0.997]]
finished p_r= 0.05, L = 18, r=33 in 4518.3 secs
[[1.       0.998    0.999    1.       0.999    0.998999]]
finished p_r= 0.05, L = 18, r=58 in 2777.2 secs
[[0.998999 0.996997 0.997    0.999    0.998    0.998999]]
finished p_r= 0.05, L = 20, r=22 in 6304.1 secs
[[0.999 0.998 0.997 0.999 0.997 1.   ]]
finished p_r= 0.05, L = 20, r=59 in 3595.9 secs
[[0.999    0.999    0.998    0.998    0.997998 0.998   ]]
finished p_r= 0.05, L = 20, r=39 in 6205.0 secs
[[0.997998 0.997    0.996    0.996    0.999    0.998999]]
finished p_r= 0.05, L = 20, r=58 in 3603.5 secs
